<?xml version="1.0" encoding="UTF-8"?>
<!-- Generated by org.testng.reporters.JUnitXMLReporter -->
<testsuite ignored="0" hostname="DESKTOP-US8B4S0" failures="1" tests="3" name="ChromeTest" time="5.655" errors="0" timestamp="2026-02-16T08:31:39 IST">
  <testcase classname="testscripts.HomeTest" name="verifyUserIsAbleToSuccessfullyLogoutAfterLogin" time="0.013">
    <skipped/>
  </testcase> <!-- verifyUserIsAbleToSuccessfullyLogoutAfterLogin -->
  <testcase classname="testscripts.HomeTest" name="verifyUserIsAbleToSuccessfullyLogoutAfterLogin" time="0.002">
    <skipped/>
  </testcase> <!-- verifyUserIsAbleToSuccessfullyLogoutAfterLogin -->
  <testcase classname="testscripts.HomeTest" name="verifyUserIsAbleToSuccessfullyLogoutAfterLogin" time="0.002">
    <failure type="java.io.FileNotFoundException" message="C:\Users\Zartech\eclipse-workspace\GrocceryApplicationProject\src\test\resources\TestData.xlsx (The system cannot find the path specified)">
      <![CDATA[java.io.FileNotFoundException: C:\Users\Zartech\eclipse-workspace\GrocceryApplicationProject\src\test\resources\TestData.xlsx (The system cannot find the path specified)
at java.base/java.io.FileInputStream.open0(Native Method)
at java.base/java.io.FileInputStream.open(FileInputStream.java:213)
at java.base/java.io.FileInputStream.<init>(FileInputStream.java:152)
at java.base/java.io.FileInputStream.<init>(FileInputStream.java:106)
at utilities.ExcelUtility.getStringData(ExcelUtility.java:18)
at testscripts.HomeTest.verifyUserIsAbleToSuccessfullyLogoutAfterLogin(HomeTest.java:15)
at java.base/java.util.ArrayList.forEach(ArrayList.java:1596)
... Removed 25 stack frames]]>
    </failure>
  </testcase> <!-- verifyUserIsAbleToSuccessfullyLogoutAfterLogin -->
</testsuite> <!-- ChromeTest -->
