<?xml version="1.0" encoding="UTF-8"?>
<!-- Generated by org.testng.reporters.JUnitReportReporter -->
<testsuite hostname="DESKTOP-US8B4S0" failures="0" tests="2" name="testscripts.LoginTest" time="4.994" errors="0" timestamp="2026-02-20T23:22:45 IST" skipped="0">
  <testcase classname="testscripts.LoginTest" name="verifyUserLoginWithInvalidCredentials" time="2.071"/>
  <testcase classname="testscripts.LoginTest" name="verifyUserLoginWithInvalidCredentials" time="2.923"/>
</testsuite> <!-- testscripts.LoginTest -->
