<?xml version="1.0" encoding="UTF-8"?>
<!-- Generated by org.testng.reporters.JUnitReportReporter -->
<testsuite hostname="DESKTOP-US8B4S0" failures="0" tests="2" name="testscripts.LoginTest" time="4.950" errors="0" timestamp="2026-02-19T18:25:40 IST" skipped="0">
  <testcase classname="testscripts.LoginTest" name="verifyUserLoginWithInvalidCredentials" time="2.065"/>
  <testcase classname="testscripts.LoginTest" name="verifyUserLoginWithInvalidCredentials" time="2.885"/>
</testsuite> <!-- testscripts.LoginTest -->
