<?xml version="1.0" encoding="UTF-8"?>
<!-- Generated by org.testng.reporters.JUnitXMLReporter -->
<testsuite ignored="2" hostname="DESKTOP-US8B4S0" failures="0" tests="1" name="Test" time="4.783" errors="0" timestamp="2026-02-19T18:33:35 IST">
  <testcase classname="testscripts.AdminUsersTest" name="verifyWhetherUserIsAbleToResetAdminUsers" time="2.387"/>
  <testcase classname="testscripts.AdminUsersTest" name="verifyWhetherUserIsAbleToAddUserInAdminUsers" time="0.0">
    <ignored/>
  </testcase> <!-- verifyWhetherUserIsAbleToAddUserInAdminUsers -->
  <testcase classname="testscripts.AdminUsersTest" name="verifyWhetherUserIsAbleToSearchAdminUsers" time="0.0">
    <ignored/>
  </testcase> <!-- verifyWhetherUserIsAbleToSearchAdminUsers -->
</testsuite> <!-- Test -->
