<?xml version="1.0" encoding="UTF-8"?>
<!-- Generated by org.testng.reporters.JUnitXMLReporter -->
<testsuite ignored="2" hostname="DESKTOP-US8B4S0" failures="0" tests="1" name="Test" time="4.352" errors="0" timestamp="2026-02-19T08:25:51 IST">
  <testcase classname="testscripts.ManageNewsTest" name="verifyWhetherUserIsAbleToSearchTheAddedNews" time="2.072"/>
  <testcase classname="testscripts.ManageNewsTest" name="verifyWhetherUserIsAbleToResetTheNews" time="0.0">
    <ignored/>
  </testcase> <!-- verifyWhetherUserIsAbleToResetTheNews -->
  <testcase classname="testscripts.ManageNewsTest" name="verifyWhetherUserIsAbleToAddNewNews" time="0.0">
    <ignored/>
  </testcase> <!-- verifyWhetherUserIsAbleToAddNewNews -->
</testsuite> <!-- Test -->
