<?xml version="1.0" encoding="UTF-8"?>
<testng-results ignored="0" total="5" passed="5" failed="0" skipped="0">
  <reporter-output>
  </reporter-output>
  <suite started-at="2026-02-13T20:58:44 IST" name="paralleltesting" finished-at="2026-02-13T20:58:59 IST" duration-ms="14596">
    <groups>
      <group name="smoke">
        <method signature="LoginTest.verifyUserLoginWithValidCredentials()[pri:1, instance:testscripts.LoginTest@4218d6a3]" name="verifyUserLoginWithValidCredentials" class="testscripts.LoginTest"/>
        <method signature="LoginTest.verifyUserLoginWithInvalidCredentials()[pri:4, instance:testscripts.LoginTest@4218d6a3]" name="verifyUserLoginWithInvalidCredentials" class="testscripts.LoginTest"/>
      </group> <!-- smoke -->
    </groups>
    <test started-at="2026-02-13T20:58:44 IST" name="Test1" finished-at="2026-02-13T20:58:54 IST" duration-ms="9285">
      <class name="testscripts.LoginTest">
        <test-method is-config="true" signature="initialiseBrowser(java.lang.String)[pri:0, instance:testscripts.LoginTest@4218d6a3]" started-at="2026-02-13T20:58:44 IST" name="initialiseBrowser" finished-at="2026-02-13T20:58:46 IST" duration-ms="2164" status="PASS">
          <params>
            <param index="0">
              <value>
                <![CDATA[chrome]]>
              </value>
            </param>
          </params>
          <reporter-output>
          </reporter-output>
        </test-method> <!-- initialiseBrowser -->
        <test-method signature="verifyUserLoginWithValidCredentials()[pri:1, instance:testscripts.LoginTest@4218d6a3]" started-at="2026-02-13T20:58:46 IST" name="verifyUserLoginWithValidCredentials" description="validating userlogin with valid credentials" finished-at="2026-02-13T20:58:48 IST" duration-ms="1099" status="PASS">
          <reporter-output>
          </reporter-output>
        </test-method> <!-- verifyUserLoginWithValidCredentials -->
        <test-method is-config="true" signature="driverQuit(org.testng.ITestResult)[pri:0, instance:testscripts.LoginTest@4218d6a3]" started-at="2026-02-13T20:58:48 IST" name="driverQuit" finished-at="2026-02-13T20:58:48 IST" duration-ms="2" status="PASS">
          <params>
            <param index="0">
              <value>
                <![CDATA[[TestResult name=verifyUserLoginWithValidCredentials status=SUCCESS method=LoginTest.verifyUserLoginWithValidCredentials()[pri:1, instance:testscripts.LoginTest@4218d6a3] output={null}]]]>
              </value>
            </param>
          </params>
          <reporter-output>
          </reporter-output>
        </test-method> <!-- driverQuit -->
        <test-method is-config="true" signature="initialiseBrowser(java.lang.String)[pri:0, instance:testscripts.LoginTest@4218d6a3]" started-at="2026-02-13T20:58:48 IST" name="initialiseBrowser" finished-at="2026-02-13T20:58:49 IST" duration-ms="1612" status="PASS">
          <params>
            <param index="0">
              <value>
                <![CDATA[chrome]]>
              </value>
            </param>
          </params>
          <reporter-output>
          </reporter-output>
        </test-method> <!-- initialiseBrowser -->
        <test-method signature="verifyUserLoginWithValidUsernameAndInvalidPassword()[pri:2, instance:testscripts.LoginTest@4218d6a3]" started-at="2026-02-13T20:58:49 IST" name="verifyUserLoginWithValidUsernameAndInvalidPassword" description="validating userlogin with valid username and invalid password" finished-at="2026-02-13T20:58:50 IST" duration-ms="369" status="PASS">
          <reporter-output>
          </reporter-output>
        </test-method> <!-- verifyUserLoginWithValidUsernameAndInvalidPassword -->
        <test-method is-config="true" signature="driverQuit(org.testng.ITestResult)[pri:0, instance:testscripts.LoginTest@4218d6a3]" started-at="2026-02-13T20:58:50 IST" name="driverQuit" finished-at="2026-02-13T20:58:50 IST" duration-ms="1" status="PASS">
          <params>
            <param index="0">
              <value>
                <![CDATA[[TestResult name=verifyUserLoginWithValidUsernameAndInvalidPassword status=SUCCESS method=LoginTest.verifyUserLoginWithValidUsernameAndInvalidPassword()[pri:2, instance:testscripts.LoginTest@4218d6a3] output={null}]]]>
              </value>
            </param>
          </params>
          <reporter-output>
          </reporter-output>
        </test-method> <!-- driverQuit -->
        <test-method is-config="true" signature="initialiseBrowser(java.lang.String)[pri:0, instance:testscripts.LoginTest@4218d6a3]" started-at="2026-02-13T20:58:50 IST" name="initialiseBrowser" finished-at="2026-02-13T20:58:51 IST" duration-ms="1598" status="PASS">
          <params>
            <param index="0">
              <value>
                <![CDATA[chrome]]>
              </value>
            </param>
          </params>
          <reporter-output>
          </reporter-output>
        </test-method> <!-- initialiseBrowser -->
        <test-method signature="verifyUserLoginWithInvalidUsernameAndValidPassword()[pri:3, instance:testscripts.LoginTest@4218d6a3]" started-at="2026-02-13T20:58:51 IST" name="verifyUserLoginWithInvalidUsernameAndValidPassword" description="validating userlogin with invalid username and valid password" finished-at="2026-02-13T20:58:52 IST" duration-ms="361" status="PASS">
          <reporter-output>
          </reporter-output>
        </test-method> <!-- verifyUserLoginWithInvalidUsernameAndValidPassword -->
        <test-method is-config="true" signature="driverQuit(org.testng.ITestResult)[pri:0, instance:testscripts.LoginTest@4218d6a3]" started-at="2026-02-13T20:58:52 IST" name="driverQuit" finished-at="2026-02-13T20:58:52 IST" duration-ms="0" status="PASS">
          <params>
            <param index="0">
              <value>
                <![CDATA[[TestResult name=verifyUserLoginWithInvalidUsernameAndValidPassword status=SUCCESS method=LoginTest.verifyUserLoginWithInvalidUsernameAndValidPassword()[pri:3, instance:testscripts.LoginTest@4218d6a3] output={null}]]]>
              </value>
            </param>
          </params>
          <reporter-output>
          </reporter-output>
        </test-method> <!-- driverQuit -->
        <test-method is-config="true" signature="initialiseBrowser(java.lang.String)[pri:0, instance:testscripts.LoginTest@4218d6a3]" started-at="2026-02-13T20:58:52 IST" name="initialiseBrowser" finished-at="2026-02-13T20:58:53 IST" duration-ms="1630" status="PASS">
          <params>
            <param index="0">
              <value>
                <![CDATA[chrome]]>
              </value>
            </param>
          </params>
          <reporter-output>
          </reporter-output>
        </test-method> <!-- initialiseBrowser -->
        <test-method signature="verifyUserLoginWithInvalidCredentials()[pri:4, instance:testscripts.LoginTest@4218d6a3]" started-at="2026-02-13T20:58:53 IST" name="verifyUserLoginWithInvalidCredentials" description="validating userlogin with invalid credentials" finished-at="2026-02-13T20:58:54 IST" duration-ms="371" status="PASS">
          <reporter-output>
          </reporter-output>
        </test-method> <!-- verifyUserLoginWithInvalidCredentials -->
        <test-method is-config="true" signature="driverQuit(org.testng.ITestResult)[pri:0, instance:testscripts.LoginTest@4218d6a3]" started-at="2026-02-13T20:58:54 IST" name="driverQuit" finished-at="2026-02-13T20:58:54 IST" duration-ms="1" status="PASS">
          <params>
            <param index="0">
              <value>
                <![CDATA[[TestResult name=verifyUserLoginWithInvalidCredentials status=SUCCESS method=LoginTest.verifyUserLoginWithInvalidCredentials()[pri:4, instance:testscripts.LoginTest@4218d6a3] output={null}]]]>
              </value>
            </param>
          </params>
          <reporter-output>
          </reporter-output>
        </test-method> <!-- driverQuit -->
      </class> <!-- testscripts.LoginTest -->
    </test> <!-- Test1 -->
    <test started-at="2026-02-13T20:58:54 IST" name="Test2" finished-at="2026-02-13T20:58:59 IST" duration-ms="5259">
      <class name="testscripts.HomeTest">
        <test-method is-config="true" signature="initialiseBrowser(java.lang.String)[pri:0, instance:testscripts.HomeTest@247bddad]" started-at="2026-02-13T20:58:54 IST" name="initialiseBrowser" finished-at="2026-02-13T20:58:58 IST" duration-ms="4353" status="PASS">
          <params>
            <param index="0">
              <value>
                <![CDATA[firefox]]>
              </value>
            </param>
          </params>
          <reporter-output>
          </reporter-output>
        </test-method> <!-- initialiseBrowser -->
        <test-method signature="verifyUserIsAbleToSuccessfullyLogoutAfterLogin()[pri:0, instance:testscripts.HomeTest@247bddad]" started-at="2026-02-13T20:58:58 IST" name="verifyUserIsAbleToSuccessfullyLogoutAfterLogin" finished-at="2026-02-13T20:58:59 IST" duration-ms="899" status="PASS">
          <reporter-output>
          </reporter-output>
        </test-method> <!-- verifyUserIsAbleToSuccessfullyLogoutAfterLogin -->
        <test-method is-config="true" signature="driverQuit(org.testng.ITestResult)[pri:0, instance:testscripts.HomeTest@247bddad]" started-at="2026-02-13T20:58:59 IST" name="driverQuit" finished-at="2026-02-13T20:58:59 IST" duration-ms="1" status="PASS">
          <params>
            <param index="0">
              <value>
                <![CDATA[[TestResult name=verifyUserIsAbleToSuccessfullyLogoutAfterLogin status=SUCCESS method=HomeTest.verifyUserIsAbleToSuccessfullyLogoutAfterLogin()[pri:0, instance:testscripts.HomeTest@247bddad] output={null}]]]>
              </value>
            </param>
          </params>
          <reporter-output>
          </reporter-output>
        </test-method> <!-- driverQuit -->
      </class> <!-- testscripts.HomeTest -->
    </test> <!-- Test2 -->
  </suite> <!-- paralleltesting -->
</testng-results>
