<?xml version="1.0" encoding="UTF-8"?>
<testng-results ignored="0" total="1" passed="1" failed="0" skipped="0">
  <reporter-output>
  </reporter-output>
  <suite started-at="2026-02-19T18:33:30 IST" name="Suite" finished-at="2026-02-19T18:33:34 IST" duration-ms="4783">
    <groups>
    </groups>
    <test started-at="2026-02-19T18:33:30 IST" name="Test" finished-at="2026-02-19T18:33:34 IST" duration-ms="4783">
      <class name="testscripts.AdminUsersTest">
        <test-method is-config="true" signature="initialiseBrowser(java.lang.String)[pri:0, instance:testscripts.AdminUsersTest@66ea810]" started-at="2026-02-19T18:33:30 IST" name="initialiseBrowser" finished-at="2026-02-19T18:33:32 IST" duration-ms="2341" status="PASS">
          <params>
            <param index="0">
              <value>
                <![CDATA[chrome]]>
              </value>
            </param>
          </params>
          <reporter-output>
          </reporter-output>
        </test-method> <!-- initialiseBrowser -->
        <test-method signature="verifyWhetherUserIsAbleToResetAdminUsers()[pri:0, instance:testscripts.AdminUsersTest@66ea810]" started-at="2026-02-19T18:33:32 IST" name="verifyWhetherUserIsAbleToResetAdminUsers" finished-at="2026-02-19T18:33:34 IST" duration-ms="2387" status="PASS">
          <reporter-output>
          </reporter-output>
        </test-method> <!-- verifyWhetherUserIsAbleToResetAdminUsers -->
        <test-method is-config="true" signature="driverQuit(org.testng.ITestResult)[pri:0, instance:testscripts.AdminUsersTest@66ea810]" started-at="2026-02-19T18:33:34 IST" name="driverQuit" finished-at="2026-02-19T18:33:34 IST" duration-ms="2" status="PASS">
          <params>
            <param index="0">
              <value>
                <![CDATA[[TestResult name=verifyWhetherUserIsAbleToResetAdminUsers status=SUCCESS method=AdminUsersTest.verifyWhetherUserIsAbleToResetAdminUsers()[pri:0, instance:testscripts.AdminUsersTest@66ea810] output={null}]]]>
              </value>
            </param>
          </params>
          <reporter-output>
          </reporter-output>
        </test-method> <!-- driverQuit -->
      </class> <!-- testscripts.AdminUsersTest -->
    </test> <!-- Test -->
  </suite> <!-- Suite -->
</testng-results>
